[INFO] Scanning for projects...
[INFO] 
[INFO] --------------------< com.college.bus:bus-tracking >--------------------
[INFO] Building bus-tracking 0.0.1-SNAPSHOT
[INFO]   from pom.xml
[INFO] --------------------------------[ jar ]---------------------------------
[INFO] 
[INFO] --- clean:3.4.1:clean (default-clean) @ bus-tracking ---
[INFO] Deleting D:\ADMIN\Music\Projects\bus-app\target
[INFO] 
[INFO] --- resources:3.3.1:resources (default-resources) @ bus-tracking ---
[INFO] Copying 1 resource from src\main\resources to target\classes
[INFO] Copying 1527 resources from src\main\resources to target\classes
[INFO] 
[INFO] --- compiler:3.14.1:compile (default-compile) @ bus-tracking ---
[INFO] Recompiling the module because of changed source code.
[INFO] Compiling 28 source files with javac [debug parameters release 17] to target\classes
[INFO] -------------------------------------------------------------
[ERROR] COMPILATION ERROR : 
[INFO] -------------------------------------------------------------
[ERROR] /D:/ADMIN/Music/Projects/bus-app/src/main/java/com/college/bus/bus_tracking/handler/DriverHandler.java:[23,46] cannot find symbol
  symbol:   class WebSocketMessage
  location: package com.college.bus.bus_tracking.websocket
[INFO] 1 error
[INFO] -------------------------------------------------------------
[INFO] ------------------------------------------------------------------------
[INFO] BUILD FAILURE
[INFO] ------------------------------------------------------------------------
[INFO] Total time:  53.117 s
[INFO] Finished at: 2026-03-06T09:59:33+05:30
[INFO] ------------------------------------------------------------------------
[ERROR] Failed to execute goal org.apache.maven.plugins:maven-compiler-plugin:3.14.1:compile (default-compile) on project bus-tracking: Compilation failure
[ERROR] /D:/ADMIN/Music/Projects/bus-app/src/main/java/com/college/bus/bus_tracking/handler/DriverHandler.java:[23,46] cannot find symbol
[ERROR]   symbol:   class WebSocketMessage
[ERROR]   location: package com.college.bus.bus_tracking.websocket
[ERROR] 
[ERROR] -> [Help 1]
[ERROR] 
[ERROR] To see the full stack trace of the errors, re-run Maven with the -e switch.
[ERROR] Re-run Maven using the -X switch to enable full debug logging.
[ERROR] 
[ERROR] For more information about the errors and possible solutions, please read the following articles:
[ERROR] [Help 1] http://cwiki.apache.org/confluence/display/MAVEN/MojoFailureException
